DEBUG:root:[{'name': 'Karl Saygan'}, {'name': 'Matt Gill'}, {'name': 'Sammy Adams'}, {'name': 'Chloe Alaska'}, {'name': 'Bill Bon'}, {'name': 'Joe Kavalier'}, {'name': 'Phillip Helm'}, {'name': 'Les Clay'}, {'name': 'Sal Dali'}, {'name': 'Suzane Greenberg'}, {'name': 'Jill Tanner'}, {'name': 'Arnold Willis'}, {'name': 'Herschel Krustofski'}, {'name': 'Eva Gordon'}, {'name': 'Ben Finkelstein'}, {'name': 'Joe Smith'}, {'name': 'Diego Soto'}, {'name': 'Kimmy Stein'}]
DEBUG:root:[{'name': 'Karl Saygan', 'height': '42 inches'}, {'name': 'Matt Gill', 'height': '40 inches'}, {'name': 'Sammy Adams', 'height': '45 inches'}, {'name': 'Chloe Alaska', 'height': '47 inches'}, {'name': 'Bill Bon', 'height': '43 inches'}, {'name': 'Joe Kavalier', 'height': '39 inches'}, {'name': 'Phillip Helm', 'height': '44 inches'}, {'name': 'Les Clay', 'height': '42 inches'}, {'name': 'Sal Dali', 'height': '41 inches'}, {'name': 'Suzane Greenberg', 'height': '44 inches'}, {'name': 'Jill Tanner', 'height': '36 inches'}, {'name': 'Arnold Willis', 'height': '43 inches'}, {'name': 'Herschel Krustofski', 'height': '45 inches'}, {'name': 'Eva Gordon', 'height': '45 inches'}, {'name': 'Ben Finkelstein', 'height': '44 inches'}, {'name': 'Joe Smith', 'height': '42 inches'}, {'name': 'Diego Soto', 'height': '41 inches'}, {'name': 'Kimmy Stein', 'height': '41 inches'}]
DEBUG:root:[{'name': 'Karl Saygan', 'height': 42}, {'name': 'Matt Gill', 'height': 40}, {'name': 'Sammy Adams', 'height': 45}, {'name': 'Chloe Alaska', 'height': 47}, {'name': 'Bill Bon', 'height': 43}, {'name': 'Joe Kavalier', 'height': 39}, {'name': 'Phillip Helm', 'height': 44}, {'name': 'Les Clay', 'height': 42}, {'name': 'Sal Dali', 'height': 41}, {'name': 'Suzane Greenberg', 'height': 44}, {'name': 'Jill Tanner', 'height': 36}, {'name': 'Arnold Willis', 'height': 43}, {'name': 'Herschel Krustofski', 'height': 45}, {'name': 'Eva Gordon', 'height': 45}, {'name': 'Ben Finkelstein', 'height': 44}, {'name': 'Joe Smith', 'height': 42}, {'name': 'Diego Soto', 'height': 41}, {'name': 'Kimmy Stein', 'height': 41}]
DEBUG:root:[{'name': 'Karl Saygan', 'height': 42, 'experience': True}, {'name': 'Matt Gill', 'height': 40, 'experience': False}, {'name': 'Sammy Adams', 'height': 45, 'experience': False}, {'name': 'Chloe Alaska', 'height': 47, 'experience': False}, {'name': 'Bill Bon', 'height': 43, 'experience': True}, {'name': 'Joe Kavalier', 'height': 39, 'experience': False}, {'name': 'Phillip Helm', 'height': 44, 'experience': True}, {'name': 'Les Clay', 'height': 42, 'experience': True}, {'name': 'Sal Dali', 'height': 41, 'experience': False}, {'name': 'Suzane Greenberg', 'height': 44, 'experience': True}, {'name': 'Jill Tanner', 'height': 36, 'experience': True}, {'name': 'Arnold Willis', 'height': 43, 'experience': False}, {'name': 'Herschel Krustofski', 'height': 45, 'experience': True}, {'name': 'Eva Gordon', 'height': 45, 'experience': False}, {'name': 'Ben Finkelstein', 'height': 44, 'experience': False}, {'name': 'Joe Smith', 'height': 42, 'experience': True}, {'name': 'Diego Soto', 'height': 41, 'experience': True}, {'name': 'Kimmy Stein', 'height': 41, 'experience': False}]
DEBUG:root:[{'name': 'Karl Saygan', 'guardians': ['Karl Saygan'], 'height': 42, 'experience': True}, {'name': 'Matt Gill', 'guardians': ['Matt Gill'], 'height': 40, 'experience': False}, {'name': 'Sammy Adams', 'guardians': ['Sammy Adams'], 'height': 45, 'experience': False}, {'name': 'Chloe Alaska', 'guardians': ['Chloe Alaska'], 'height': 47, 'experience': False}, {'name': 'Bill Bon', 'guardians': ['Bill Bon'], 'height': 43, 'experience': True}, {'name': 'Joe Kavalier', 'guardians': ['Joe Kavalier'], 'height': 39, 'experience': False}, {'name': 'Phillip Helm', 'guardians': ['Phillip Helm'], 'height': 44, 'experience': True}, {'name': 'Les Clay', 'guardians': ['Les Clay'], 'height': 42, 'experience': True}, {'name': 'Sal Dali', 'guardians': ['Sal Dali'], 'height': 41, 'experience': False}, {'name': 'Suzane Greenberg', 'guardians': ['Suzane Greenberg'], 'height': 44, 'experience': True}, {'name': 'Jill Tanner', 'guardians': ['Jill Tanner'], 'height': 36, 'experience': True}, {'name': 'Arnold Willis', 'guardians': ['Arnold Willis'], 'height': 43, 'experience': False}, {'name': 'Herschel Krustofski', 'guardians': ['Herschel Krustofski'], 'height': 45, 'experience': True}, {'name': 'Eva Gordon', 'guardians': ['Eva Gordon'], 'height': 45, 'experience': False}, {'name': 'Ben Finkelstein', 'guardians': ['Ben Finkelstein'], 'height': 44, 'experience': False}, {'name': 'Joe Smith', 'guardians': ['Joe Smith'], 'height': 42, 'experience': True}, {'name': 'Diego Soto', 'guardians': ['Diego Soto'], 'height': 41, 'experience': True}, {'name': 'Kimmy Stein', 'guardians': ['Kimmy Stein'], 'height': 41, 'experience': False}]
DEBUG:root:[{'name': 'Karl Saygan', 'guardians': ['Heather Bledsoe'], 'height': 42, 'experience': True}, {'name': 'Matt Gill', 'guardians': ['Charles Gill', 'Sylvia Gill'], 'height': 40, 'experience': False}, {'name': 'Sammy Adams', 'guardians': ['Jeff Adams', 'Gary Adams'], 'height': 45, 'experience': False}, {'name': 'Chloe Alaska', 'guardians': ['David Alaska', 'Jamie Alaska'], 'height': 47, 'experience': False}, {'name': 'Bill Bon', 'guardians': ['Sara Bon', 'Jenny Bon'], 'height': 43, 'experience': True}, {'name': 'Joe Kavalier', 'guardians': ['Sam Kavalier', 'Elaine Kavalier'], 'height': 39, 'experience': False}, {'name': 'Phillip Helm', 'guardians': ['Thomas Helm', 'Eva Jones'], 'height': 44, 'experience': True}, {'name': 'Les Clay', 'guardians': ['Wynonna Brown'], 'height': 42, 'experience': True}, {'name': 'Sal Dali', 'guardians': ['Gala Dali'], 'height': 41, 'experience': False}, {'name': 'Suzane Greenberg', 'guardians': ['Henrietta Dumas'], 'height': 44, 'experience': True}, {'name': 'Jill Tanner', 'guardians': ['Mark Tanner'], 'height': 36, 'experience': True}, {'name': 'Arnold Willis', 'guardians': ['Claire Willis'], 'height': 43, 'experience': False}, {'name': 'Herschel Krustofski', 'guardians': ['Hyman Krustofski', 'Rachel Krustofski'], 'height': 45, 'experience': True}, {'name': 'Eva Gordon', 'guardians': ['Wendy Martin', 'Mike Gordon'], 'height': 45, 'experience': False}, {'name': 'Ben Finkelstein', 'guardians': ['Aaron Lanning', 'Jill Finkelstein'], 'height': 44, 'experience': False}, {'name': 'Joe Smith', 'guardians': ['Jim Smith', 'Jan Smith'], 'height': 42, 'experience': True}, {'name': 'Diego Soto', 'guardians': ['Robin Soto', 'Sarika Soto'], 'height': 41, 'experience': True}, {'name': 'Kimmy Stein', 'guardians': ['Bill Stein', 'Hillary Stein'], 'height': 41, 'experience': False}]
DEBUG:root:[{'name': 'Karl Saygan', 'guardians': ['Heather Bledsoe'], 'height': 42, 'experience': True}, {'name': 'Matt Gill', 'guardians': ['Charles Gill', 'Sylvia Gill'], 'height': 40, 'experience': False}, {'name': 'Sammy Adams', 'guardians': ['Jeff Adams', 'Gary Adams'], 'height': 45, 'experience': False}, {'name': 'Chloe Alaska', 'guardians': ['David Alaska', 'Jamie Alaska'], 'height': 47, 'experience': False}, {'name': 'Bill Bon', 'guardians': ['Sara Bon', 'Jenny Bon'], 'height': 43, 'experience': True}, {'name': 'Joe Kavalier', 'guardians': ['Sam Kavalier', 'Elaine Kavalier'], 'height': 39, 'experience': False}, {'name': 'Phillip Helm', 'guardians': ['Thomas Helm', 'Eva Jones'], 'height': 44, 'experience': True}, {'name': 'Les Clay', 'guardians': ['Wynonna Brown'], 'height': 42, 'experience': True}, {'name': 'Sal Dali', 'guardians': ['Gala Dali'], 'height': 41, 'experience': False}, {'name': 'Suzane Greenberg', 'guardians': ['Henrietta Dumas'], 'height': 44, 'experience': True}, {'name': 'Jill Tanner', 'guardians': ['Mark Tanner'], 'height': 36, 'experience': True}, {'name': 'Arnold Willis', 'guardians': ['Claire Willis'], 'height': 43, 'experience': False}, {'name': 'Herschel Krustofski', 'guardians': ['Hyman Krustofski', 'Rachel Krustofski'], 'height': 45, 'experience': True}, {'name': 'Eva Gordon', 'guardians': ['Wendy Martin', 'Mike Gordon'], 'height': 45, 'experience': False}, {'name': 'Ben Finkelstein', 'guardians': ['Aaron Lanning', 'Jill Finkelstein'], 'height': 44, 'experience': False}, {'name': 'Joe Smith', 'guardians': ['Jim Smith', 'Jan Smith'], 'height': 42, 'experience': True}, {'name': 'Diego Soto', 'guardians': ['Robin Soto', 'Sarika Soto'], 'height': 41, 'experience': True}, {'name': 'Kimmy Stein', 'guardians': ['Bill Stein', 'Hillary Stein'], 'height': 41, 'experience': False}]
DEBUG:root:{'name': 'Karl Saygan', 'guardians': ['Heather Bledsoe'], 'height': 42, 'experience': True}
DEBUG:root:{'name': 'Matt Gill', 'guardians': ['Charles Gill', 'Sylvia Gill'], 'height': 40, 'experience': False}
DEBUG:root:{'name': 'Sammy Adams', 'guardians': ['Jeff Adams', 'Gary Adams'], 'height': 45, 'experience': False}
DEBUG:root:{'name': 'Chloe Alaska', 'guardians': ['David Alaska', 'Jamie Alaska'], 'height': 47, 'experience': False}
DEBUG:root:{'name': 'Bill Bon', 'guardians': ['Sara Bon', 'Jenny Bon'], 'height': 43, 'experience': True}
DEBUG:root:{'name': 'Joe Kavalier', 'guardians': ['Sam Kavalier', 'Elaine Kavalier'], 'height': 39, 'experience': False}
DEBUG:root:{'name': 'Phillip Helm', 'guardians': ['Thomas Helm', 'Eva Jones'], 'height': 44, 'experience': True}
DEBUG:root:{'name': 'Les Clay', 'guardians': ['Wynonna Brown'], 'height': 42, 'experience': True}
DEBUG:root:{'name': 'Sal Dali', 'guardians': ['Gala Dali'], 'height': 41, 'experience': False}
DEBUG:root:{'name': 'Suzane Greenberg', 'guardians': ['Henrietta Dumas'], 'height': 44, 'experience': True}
DEBUG:root:{'name': 'Jill Tanner', 'guardians': ['Mark Tanner'], 'height': 36, 'experience': True}
DEBUG:root:{'name': 'Arnold Willis', 'guardians': ['Claire Willis'], 'height': 43, 'experience': False}
DEBUG:root:{'name': 'Herschel Krustofski', 'guardians': ['Hyman Krustofski', 'Rachel Krustofski'], 'height': 45, 'experience': True}
DEBUG:root:{'name': 'Eva Gordon', 'guardians': ['Wendy Martin', 'Mike Gordon'], 'height': 45, 'experience': False}
DEBUG:root:{'name': 'Ben Finkelstein', 'guardians': ['Aaron Lanning', 'Jill Finkelstein'], 'height': 44, 'experience': False}
DEBUG:root:{'name': 'Joe Smith', 'guardians': ['Jim Smith', 'Jan Smith'], 'height': 42, 'experience': True}
DEBUG:root:{'name': 'Diego Soto', 'guardians': ['Robin Soto', 'Sarika Soto'], 'height': 41, 'experience': True}
DEBUG:root:{'name': 'Kimmy Stein', 'guardians': ['Bill Stein', 'Hillary Stein'], 'height': 41, 'experience': False}
DEBUG:root:{'name': 'Karl Saygan', 'guardians': ['Heather Bledsoe'], 'height': 42, 'experience': True}
DEBUG:root:{'name': 'Matt Gill', 'guardians': ['Charles Gill', 'Sylvia Gill'], 'height': 40, 'experience': False}
DEBUG:root:{'name': 'Sammy Adams', 'guardians': ['Jeff Adams', 'Gary Adams'], 'height': 45, 'experience': False}
DEBUG:root:{'name': 'Chloe Alaska', 'guardians': ['David Alaska', 'Jamie Alaska'], 'height': 47, 'experience': False}
DEBUG:root:{'name': 'Bill Bon', 'guardians': ['Sara Bon', 'Jenny Bon'], 'height': 43, 'experience': True}
DEBUG:root:{'name': 'Joe Kavalier', 'guardians': ['Sam Kavalier', 'Elaine Kavalier'], 'height': 39, 'experience': False}
DEBUG:root:{'name': 'Phillip Helm', 'guardians': ['Thomas Helm', 'Eva Jones'], 'height': 44, 'experience': True}
DEBUG:root:{'name': 'Les Clay', 'guardians': ['Wynonna Brown'], 'height': 42, 'experience': True}
DEBUG:root:{'name': 'Sal Dali', 'guardians': ['Gala Dali'], 'height': 41, 'experience': False}
DEBUG:root:{'name': 'Suzane Greenberg', 'guardians': ['Henrietta Dumas'], 'height': 44, 'experience': True}
DEBUG:root:{'name': 'Jill Tanner', 'guardians': ['Mark Tanner'], 'height': 36, 'experience': True}
DEBUG:root:{'name': 'Arnold Willis', 'guardians': ['Claire Willis'], 'height': 43, 'experience': False}
DEBUG:root:{'name': 'Herschel Krustofski', 'guardians': ['Hyman Krustofski', 'Rachel Krustofski'], 'height': 45, 'experience': True}
DEBUG:root:{'name': 'Eva Gordon', 'guardians': ['Wendy Martin', 'Mike Gordon'], 'height': 45, 'experience': False}
DEBUG:root:{'name': 'Ben Finkelstein', 'guardians': ['Aaron Lanning', 'Jill Finkelstein'], 'height': 44, 'experience': False}
DEBUG:root:{'name': 'Joe Smith', 'guardians': ['Jim Smith', 'Jan Smith'], 'height': 42, 'experience': True}
DEBUG:root:{'name': 'Diego Soto', 'guardians': ['Robin Soto', 'Sarika Soto'], 'height': 41, 'experience': True}
DEBUG:root:{'name': 'Kimmy Stein', 'guardians': ['Bill Stein', 'Hillary Stein'], 'height': 41, 'experience': False}
DEBUG:root:{'name': 'Karl Saygan', 'guardians': ['Heather Bledsoe'], 'height': 42, 'experience': True}
DEBUG:root:{'name': 'Matt Gill', 'guardians': ['Charles Gill', 'Sylvia Gill'], 'height': 40, 'experience': False}
DEBUG:root:{'name': 'Sammy Adams', 'guardians': ['Jeff Adams', 'Gary Adams'], 'height': 45, 'experience': False}
DEBUG:root:{'name': 'Chloe Alaska', 'guardians': ['David Alaska', 'Jamie Alaska'], 'height': 47, 'experience': False}
DEBUG:root:{'name': 'Bill Bon', 'guardians': ['Sara Bon', 'Jenny Bon'], 'height': 43, 'experience': True}
DEBUG:root:{'name': 'Joe Kavalier', 'guardians': ['Sam Kavalier', 'Elaine Kavalier'], 'height': 39, 'experience': False}
DEBUG:root:{'name': 'Phillip Helm', 'guardians': ['Thomas Helm', 'Eva Jones'], 'height': 44, 'experience': True}
DEBUG:root:{'name': 'Les Clay', 'guardians': ['Wynonna Brown'], 'height': 42, 'experience': True}
DEBUG:root:{'name': 'Sal Dali', 'guardians': ['Gala Dali'], 'height': 41, 'experience': False}
DEBUG:root:{'name': 'Suzane Greenberg', 'guardians': ['Henrietta Dumas'], 'height': 44, 'experience': True}
DEBUG:root:{'name': 'Jill Tanner', 'guardians': ['Mark Tanner'], 'height': 36, 'experience': True}
DEBUG:root:{'name': 'Arnold Willis', 'guardians': ['Claire Willis'], 'height': 43, 'experience': False}
DEBUG:root:{'name': 'Herschel Krustofski', 'guardians': ['Hyman Krustofski', 'Rachel Krustofski'], 'height': 45, 'experience': True}
DEBUG:root:{'name': 'Eva Gordon', 'guardians': ['Wendy Martin', 'Mike Gordon'], 'height': 45, 'experience': False}
DEBUG:root:{'name': 'Ben Finkelstein', 'guardians': ['Aaron Lanning', 'Jill Finkelstein'], 'height': 44, 'experience': False}
DEBUG:root:{'name': 'Joe Smith', 'guardians': ['Jim Smith', 'Jan Smith'], 'height': 42, 'experience': True}
DEBUG:root:{'name': 'Diego Soto', 'guardians': ['Robin Soto', 'Sarika Soto'], 'height': 41, 'experience': True}
DEBUG:root:{'name': 'Kimmy Stein', 'guardians': ['Bill Stein', 'Hillary Stein'], 'height': 41, 'experience': False}
DEBUG:root:{'name': 'Karl Saygan', 'guardians': ['Heather Bledsoe'], 'height': 42, 'experience': True}
DEBUG:root:{'name': 'Matt Gill', 'guardians': ['Charles Gill', 'Sylvia Gill'], 'height': 40, 'experience': False}
DEBUG:root:{'name': 'Sammy Adams', 'guardians': ['Jeff Adams', 'Gary Adams'], 'height': 45, 'experience': False}
DEBUG:root:{'name': 'Chloe Alaska', 'guardians': ['David Alaska', 'Jamie Alaska'], 'height': 47, 'experience': False}
DEBUG:root:{'name': 'Bill Bon', 'guardians': ['Sara Bon', 'Jenny Bon'], 'height': 43, 'experience': True}
DEBUG:root:{'name': 'Joe Kavalier', 'guardians': ['Sam Kavalier', 'Elaine Kavalier'], 'height': 39, 'experience': False}
DEBUG:root:{'name': 'Phillip Helm', 'guardians': ['Thomas Helm', 'Eva Jones'], 'height': 44, 'experience': True}
DEBUG:root:{'name': 'Les Clay', 'guardians': ['Wynonna Brown'], 'height': 42, 'experience': True}
DEBUG:root:{'name': 'Sal Dali', 'guardians': ['Gala Dali'], 'height': 41, 'experience': False}
DEBUG:root:{'name': 'Suzane Greenberg', 'guardians': ['Henrietta Dumas'], 'height': 44, 'experience': True}
DEBUG:root:{'name': 'Jill Tanner', 'guardians': ['Mark Tanner'], 'height': 36, 'experience': True}
DEBUG:root:{'name': 'Arnold Willis', 'guardians': ['Claire Willis'], 'height': 43, 'experience': False}
DEBUG:root:{'name': 'Herschel Krustofski', 'guardians': ['Hyman Krustofski', 'Rachel Krustofski'], 'height': 45, 'experience': True}
DEBUG:root:{'name': 'Eva Gordon', 'guardians': ['Wendy Martin', 'Mike Gordon'], 'height': 45, 'experience': False}
DEBUG:root:{'name': 'Ben Finkelstein', 'guardians': ['Aaron Lanning', 'Jill Finkelstein'], 'height': 44, 'experience': False}
DEBUG:root:{'name': 'Joe Smith', 'guardians': ['Jim Smith', 'Jan Smith'], 'height': 42, 'experience': True}
DEBUG:root:{'name': 'Diego Soto', 'guardians': ['Robin Soto', 'Sarika Soto'], 'height': 41, 'experience': True}
DEBUG:root:{'name': 'Kimmy Stein', 'guardians': ['Bill Stein', 'Hillary Stein'], 'height': 41, 'experience': False}
DEBUG:root:{'name': 'Karl Saygan', 'guardians': ['Heather Bledsoe'], 'height': 42, 'experience': True}
DEBUG:root:{'name': 'Matt Gill', 'guardians': ['Charles Gill', 'Sylvia Gill'], 'height': 40, 'experience': False}
DEBUG:root:{'name': 'Sammy Adams', 'guardians': ['Jeff Adams', 'Gary Adams'], 'height': 45, 'experience': False}
DEBUG:root:{'name': 'Chloe Alaska', 'guardians': ['David Alaska', 'Jamie Alaska'], 'height': 47, 'experience': False}
DEBUG:root:{'name': 'Bill Bon', 'guardians': ['Sara Bon', 'Jenny Bon'], 'height': 43, 'experience': True}
DEBUG:root:{'name': 'Joe Kavalier', 'guardians': ['Sam Kavalier', 'Elaine Kavalier'], 'height': 39, 'experience': False}
DEBUG:root:{'name': 'Phillip Helm', 'guardians': ['Thomas Helm', 'Eva Jones'], 'height': 44, 'experience': True}
DEBUG:root:{'name': 'Les Clay', 'guardians': ['Wynonna Brown'], 'height': 42, 'experience': True}
DEBUG:root:{'name': 'Sal Dali', 'guardians': ['Gala Dali'], 'height': 41, 'experience': False}
DEBUG:root:{'name': 'Suzane Greenberg', 'guardians': ['Henrietta Dumas'], 'height': 44, 'experience': True}
DEBUG:root:{'name': 'Jill Tanner', 'guardians': ['Mark Tanner'], 'height': 36, 'experience': True}
DEBUG:root:{'name': 'Arnold Willis', 'guardians': ['Claire Willis'], 'height': 43, 'experience': False}
DEBUG:root:{'name': 'Herschel Krustofski', 'guardians': ['Hyman Krustofski', 'Rachel Krustofski'], 'height': 45, 'experience': True}
DEBUG:root:{'name': 'Eva Gordon', 'guardians': ['Wendy Martin', 'Mike Gordon'], 'height': 45, 'experience': False}
DEBUG:root:{'name': 'Ben Finkelstein', 'guardians': ['Aaron Lanning', 'Jill Finkelstein'], 'height': 44, 'experience': False}
DEBUG:root:{'name': 'Joe Smith', 'guardians': ['Jim Smith', 'Jan Smith'], 'height': 42, 'experience': True}
DEBUG:root:{'name': 'Diego Soto', 'guardians': ['Robin Soto', 'Sarika Soto'], 'height': 41, 'experience': True}
DEBUG:root:{'name': 'Kimmy Stein', 'guardians': ['Bill Stein', 'Hillary Stein'], 'height': 41, 'experience': False}
DEBUG:root:{'name': 'Karl Saygan', 'guardians': ['Heather Bledsoe'], 'height': 42, 'experience': True}
DEBUG:root:{'name': 'Matt Gill', 'guardians': ['Charles Gill', 'Sylvia Gill'], 'height': 40, 'experience': False}
DEBUG:root:{'name': 'Sammy Adams', 'guardians': ['Jeff Adams', 'Gary Adams'], 'height': 45, 'experience': False}
DEBUG:root:{'name': 'Chloe Alaska', 'guardians': ['David Alaska', 'Jamie Alaska'], 'height': 47, 'experience': False}
DEBUG:root:{'name': 'Bill Bon', 'guardians': ['Sara Bon', 'Jenny Bon'], 'height': 43, 'experience': True}
DEBUG:root:{'name': 'Joe Kavalier', 'guardians': ['Sam Kavalier', 'Elaine Kavalier'], 'height': 39, 'experience': False}
DEBUG:root:{'name': 'Phillip Helm', 'guardians': ['Thomas Helm', 'Eva Jones'], 'height': 44, 'experience': True}
DEBUG:root:{'name': 'Les Clay', 'guardians': ['Wynonna Brown'], 'height': 42, 'experience': True}
DEBUG:root:{'name': 'Sal Dali', 'guardians': ['Gala Dali'], 'height': 41, 'experience': False}
DEBUG:root:{'name': 'Suzane Greenberg', 'guardians': ['Henrietta Dumas'], 'height': 44, 'experience': True}
DEBUG:root:{'name': 'Jill Tanner', 'guardians': ['Mark Tanner'], 'height': 36, 'experience': True}
DEBUG:root:{'name': 'Arnold Willis', 'guardians': ['Claire Willis'], 'height': 43, 'experience': False}
DEBUG:root:{'name': 'Herschel Krustofski', 'guardians': ['Hyman Krustofski', 'Rachel Krustofski'], 'height': 45, 'experience': True}
DEBUG:root:{'name': 'Eva Gordon', 'guardians': ['Wendy Martin', 'Mike Gordon'], 'height': 45, 'experience': False}
DEBUG:root:{'name': 'Ben Finkelstein', 'guardians': ['Aaron Lanning', 'Jill Finkelstein'], 'height': 44, 'experience': False}
DEBUG:root:{'name': 'Joe Smith', 'guardians': ['Jim Smith', 'Jan Smith'], 'height': 42, 'experience': True}
DEBUG:root:{'name': 'Diego Soto', 'guardians': ['Robin Soto', 'Sarika Soto'], 'height': 41, 'experience': True}
DEBUG:root:{'name': 'Kimmy Stein', 'guardians': ['Bill Stein', 'Hillary Stein'], 'height': 41, 'experience': False}
DEBUG:root:{'name': 'Karl Saygan', 'guardians': ['Heather Bledsoe'], 'height': 42, 'experience': True}
DEBUG:root:{'name': 'Matt Gill', 'guardians': ['Charles Gill', 'Sylvia Gill'], 'height': 40, 'experience': False}
DEBUG:root:{'name': 'Sammy Adams', 'guardians': ['Jeff Adams', 'Gary Adams'], 'height': 45, 'experience': False}
DEBUG:root:{'name': 'Chloe Alaska', 'guardians': ['David Alaska', 'Jamie Alaska'], 'height': 47, 'experience': False}
DEBUG:root:{'name': 'Bill Bon', 'guardians': ['Sara Bon', 'Jenny Bon'], 'height': 43, 'experience': True}
DEBUG:root:{'name': 'Joe Kavalier', 'guardians': ['Sam Kavalier', 'Elaine Kavalier'], 'height': 39, 'experience': False}
DEBUG:root:{'name': 'Phillip Helm', 'guardians': ['Thomas Helm', 'Eva Jones'], 'height': 44, 'experience': True}
DEBUG:root:{'name': 'Les Clay', 'guardians': ['Wynonna Brown'], 'height': 42, 'experience': True}
DEBUG:root:{'name': 'Sal Dali', 'guardians': ['Gala Dali'], 'height': 41, 'experience': False}
DEBUG:root:{'name': 'Suzane Greenberg', 'guardians': ['Henrietta Dumas'], 'height': 44, 'experience': True}
DEBUG:root:{'name': 'Jill Tanner', 'guardians': ['Mark Tanner'], 'height': 36, 'experience': True}
DEBUG:root:{'name': 'Arnold Willis', 'guardians': ['Claire Willis'], 'height': 43, 'experience': False}
DEBUG:root:{'name': 'Herschel Krustofski', 'guardians': ['Hyman Krustofski', 'Rachel Krustofski'], 'height': 45, 'experience': True}
DEBUG:root:{'name': 'Eva Gordon', 'guardians': ['Wendy Martin', 'Mike Gordon'], 'height': 45, 'experience': False}
DEBUG:root:{'name': 'Ben Finkelstein', 'guardians': ['Aaron Lanning', 'Jill Finkelstein'], 'height': 44, 'experience': False}
DEBUG:root:{'name': 'Joe Smith', 'guardians': ['Jim Smith', 'Jan Smith'], 'height': 42, 'experience': True}
DEBUG:root:{'name': 'Diego Soto', 'guardians': ['Robin Soto', 'Sarika Soto'], 'height': 41, 'experience': True}
DEBUG:root:{'name': 'Kimmy Stein', 'guardians': ['Bill Stein', 'Hillary Stein'], 'height': 41, 'experience': False}
DEBUG:root:{'name': 'Karl Saygan', 'guardians': ['Heather Bledsoe'], 'height': 42, 'experience': True}
DEBUG:root:{'name': 'Matt Gill', 'guardians': ['Charles Gill', 'Sylvia Gill'], 'height': 40, 'experience': False}
DEBUG:root:{'name': 'Sammy Adams', 'guardians': ['Jeff Adams', 'Gary Adams'], 'height': 45, 'experience': False}
DEBUG:root:{'name': 'Chloe Alaska', 'guardians': ['David Alaska', 'Jamie Alaska'], 'height': 47, 'experience': False}
DEBUG:root:{'name': 'Bill Bon', 'guardians': ['Sara Bon', 'Jenny Bon'], 'height': 43, 'experience': True}
DEBUG:root:{'name': 'Joe Kavalier', 'guardians': ['Sam Kavalier', 'Elaine Kavalier'], 'height': 39, 'experience': False}
DEBUG:root:{'name': 'Phillip Helm', 'guardians': ['Thomas Helm', 'Eva Jones'], 'height': 44, 'experience': True}
DEBUG:root:{'name': 'Les Clay', 'guardians': ['Wynonna Brown'], 'height': 42, 'experience': True}
DEBUG:root:{'name': 'Sal Dali', 'guardians': ['Gala Dali'], 'height': 41, 'experience': False}
DEBUG:root:{'name': 'Suzane Greenberg', 'guardians': ['Henrietta Dumas'], 'height': 44, 'experience': True}
DEBUG:root:{'name': 'Jill Tanner', 'guardians': ['Mark Tanner'], 'height': 36, 'experience': True}
DEBUG:root:{'name': 'Arnold Willis', 'guardians': ['Claire Willis'], 'height': 43, 'experience': False}
DEBUG:root:{'name': 'Herschel Krustofski', 'guardians': ['Hyman Krustofski', 'Rachel Krustofski'], 'height': 45, 'experience': True}
DEBUG:root:{'name': 'Eva Gordon', 'guardians': ['Wendy Martin', 'Mike Gordon'], 'height': 45, 'experience': False}
DEBUG:root:{'name': 'Ben Finkelstein', 'guardians': ['Aaron Lanning', 'Jill Finkelstein'], 'height': 44, 'experience': False}
DEBUG:root:{'name': 'Joe Smith', 'guardians': ['Jim Smith', 'Jan Smith'], 'height': 42, 'experience': True}
DEBUG:root:{'name': 'Diego Soto', 'guardians': ['Robin Soto', 'Sarika Soto'], 'height': 41, 'experience': True}
DEBUG:root:{'name': 'Kimmy Stein', 'guardians': ['Bill Stein', 'Hillary Stein'], 'height': 41, 'experience': False}
DEBUG:root:{'name': 'Karl Saygan', 'guardians': ['Heather Bledsoe'], 'height': 42, 'experience': True}
DEBUG:root:{'name': 'Matt Gill', 'guardians': ['Charles Gill', 'Sylvia Gill'], 'height': 40, 'experience': False}
DEBUG:root:{'name': 'Sammy Adams', 'guardians': ['Jeff Adams', 'Gary Adams'], 'height': 45, 'experience': False}
DEBUG:root:{'name': 'Chloe Alaska', 'guardians': ['David Alaska', 'Jamie Alaska'], 'height': 47, 'experience': False}
DEBUG:root:{'name': 'Bill Bon', 'guardians': ['Sara Bon', 'Jenny Bon'], 'height': 43, 'experience': True}
DEBUG:root:{'name': 'Joe Kavalier', 'guardians': ['Sam Kavalier', 'Elaine Kavalier'], 'height': 39, 'experience': False}
DEBUG:root:{'name': 'Phillip Helm', 'guardians': ['Thomas Helm', 'Eva Jones'], 'height': 44, 'experience': True}
DEBUG:root:{'name': 'Les Clay', 'guardians': ['Wynonna Brown'], 'height': 42, 'experience': True}
DEBUG:root:{'name': 'Sal Dali', 'guardians': ['Gala Dali'], 'height': 41, 'experience': False}
DEBUG:root:{'name': 'Suzane Greenberg', 'guardians': ['Henrietta Dumas'], 'height': 44, 'experience': True}
DEBUG:root:{'name': 'Jill Tanner', 'guardians': ['Mark Tanner'], 'height': 36, 'experience': True}
DEBUG:root:{'name': 'Arnold Willis', 'guardians': ['Claire Willis'], 'height': 43, 'experience': False}
DEBUG:root:{'name': 'Herschel Krustofski', 'guardians': ['Hyman Krustofski', 'Rachel Krustofski'], 'height': 45, 'experience': True}
DEBUG:root:{'name': 'Eva Gordon', 'guardians': ['Wendy Martin', 'Mike Gordon'], 'height': 45, 'experience': False}
DEBUG:root:{'name': 'Ben Finkelstein', 'guardians': ['Aaron Lanning', 'Jill Finkelstein'], 'height': 44, 'experience': False}
DEBUG:root:{'name': 'Joe Smith', 'guardians': ['Jim Smith', 'Jan Smith'], 'height': 42, 'experience': True}
DEBUG:root:{'name': 'Diego Soto', 'guardians': ['Robin Soto', 'Sarika Soto'], 'height': 41, 'experience': True}
DEBUG:root:{'name': 'Kimmy Stein', 'guardians': ['Bill Stein', 'Hillary Stein'], 'height': 41, 'experience': False}
DEBUG:root:{'name': 'Karl Saygan', 'guardians': ['Heather Bledsoe'], 'height': 42, 'experience': True}
DEBUG:root:{'name': 'Matt Gill', 'guardians': ['Charles Gill', 'Sylvia Gill'], 'height': 40, 'experience': False}
DEBUG:root:{'name': 'Sammy Adams', 'guardians': ['Jeff Adams', 'Gary Adams'], 'height': 45, 'experience': False}
DEBUG:root:{'name': 'Chloe Alaska', 'guardians': ['David Alaska', 'Jamie Alaska'], 'height': 47, 'experience': False}
DEBUG:root:{'name': 'Bill Bon', 'guardians': ['Sara Bon', 'Jenny Bon'], 'height': 43, 'experience': True}
DEBUG:root:{'name': 'Joe Kavalier', 'guardians': ['Sam Kavalier', 'Elaine Kavalier'], 'height': 39, 'experience': False}
DEBUG:root:{'name': 'Phillip Helm', 'guardians': ['Thomas Helm', 'Eva Jones'], 'height': 44, 'experience': True}
DEBUG:root:{'name': 'Les Clay', 'guardians': ['Wynonna Brown'], 'height': 42, 'experience': True}
DEBUG:root:{'name': 'Sal Dali', 'guardians': ['Gala Dali'], 'height': 41, 'experience': False}
DEBUG:root:{'name': 'Suzane Greenberg', 'guardians': ['Henrietta Dumas'], 'height': 44, 'experience': True}
DEBUG:root:{'name': 'Jill Tanner', 'guardians': ['Mark Tanner'], 'height': 36, 'experience': True}
DEBUG:root:{'name': 'Arnold Willis', 'guardians': ['Claire Willis'], 'height': 43, 'experience': False}
DEBUG:root:{'name': 'Herschel Krustofski', 'guardians': ['Hyman Krustofski', 'Rachel Krustofski'], 'height': 45, 'experience': True}
DEBUG:root:{'name': 'Eva Gordon', 'guardians': ['Wendy Martin', 'Mike Gordon'], 'height': 45, 'experience': False}
DEBUG:root:{'name': 'Ben Finkelstein', 'guardians': ['Aaron Lanning', 'Jill Finkelstein'], 'height': 44, 'experience': False}
DEBUG:root:{'name': 'Joe Smith', 'guardians': ['Jim Smith', 'Jan Smith'], 'height': 42, 'experience': True}
DEBUG:root:{'name': 'Diego Soto', 'guardians': ['Robin Soto', 'Sarika Soto'], 'height': 41, 'experience': True}
DEBUG:root:{'name': 'Kimmy Stein', 'guardians': ['Bill Stein', 'Hillary Stein'], 'height': 41, 'experience': False}
DEBUG:root:{'name': 'Karl Saygan', 'guardians': ['Heather Bledsoe'], 'height': 42, 'experience': True}
DEBUG:root:{'name': 'Matt Gill', 'guardians': ['Charles Gill', 'Sylvia Gill'], 'height': 40, 'experience': False}
DEBUG:root:{'name': 'Sammy Adams', 'guardians': ['Jeff Adams', 'Gary Adams'], 'height': 45, 'experience': False}
DEBUG:root:{'name': 'Chloe Alaska', 'guardians': ['David Alaska', 'Jamie Alaska'], 'height': 47, 'experience': False}
DEBUG:root:{'name': 'Bill Bon', 'guardians': ['Sara Bon', 'Jenny Bon'], 'height': 43, 'experience': True}
DEBUG:root:{'name': 'Joe Kavalier', 'guardians': ['Sam Kavalier', 'Elaine Kavalier'], 'height': 39, 'experience': False}
DEBUG:root:{'name': 'Phillip Helm', 'guardians': ['Thomas Helm', 'Eva Jones'], 'height': 44, 'experience': True}
DEBUG:root:{'name': 'Les Clay', 'guardians': ['Wynonna Brown'], 'height': 42, 'experience': True}
DEBUG:root:{'name': 'Sal Dali', 'guardians': ['Gala Dali'], 'height': 41, 'experience': False}
DEBUG:root:{'name': 'Suzane Greenberg', 'guardians': ['Henrietta Dumas'], 'height': 44, 'experience': True}
DEBUG:root:{'name': 'Jill Tanner', 'guardians': ['Mark Tanner'], 'height': 36, 'experience': True}
DEBUG:root:{'name': 'Arnold Willis', 'guardians': ['Claire Willis'], 'height': 43, 'experience': False}
DEBUG:root:{'name': 'Herschel Krustofski', 'guardians': ['Hyman Krustofski', 'Rachel Krustofski'], 'height': 45, 'experience': True}
DEBUG:root:{'name': 'Eva Gordon', 'guardians': ['Wendy Martin', 'Mike Gordon'], 'height': 45, 'experience': False}
DEBUG:root:{'name': 'Ben Finkelstein', 'guardians': ['Aaron Lanning', 'Jill Finkelstein'], 'height': 44, 'experience': False}
DEBUG:root:{'name': 'Joe Smith', 'guardians': ['Jim Smith', 'Jan Smith'], 'height': 42, 'experience': True}
DEBUG:root:{'name': 'Diego Soto', 'guardians': ['Robin Soto', 'Sarika Soto'], 'height': 41, 'experience': True}
DEBUG:root:{'name': 'Kimmy Stein', 'guardians': ['Bill Stein', 'Hillary Stein'], 'height': 41, 'experience': False}
DEBUG:root:{'name': 'Karl Saygan', 'guardians': ['Heather Bledsoe'], 'height': 42, 'experience': True}
DEBUG:root:{'name': 'Matt Gill', 'guardians': ['Charles Gill', 'Sylvia Gill'], 'height': 40, 'experience': False}
DEBUG:root:{'name': 'Sammy Adams', 'guardians': ['Jeff Adams', 'Gary Adams'], 'height': 45, 'experience': False}
DEBUG:root:{'name': 'Chloe Alaska', 'guardians': ['David Alaska', 'Jamie Alaska'], 'height': 47, 'experience': False}
DEBUG:root:{'name': 'Bill Bon', 'guardians': ['Sara Bon', 'Jenny Bon'], 'height': 43, 'experience': True}
DEBUG:root:{'name': 'Joe Kavalier', 'guardians': ['Sam Kavalier', 'Elaine Kavalier'], 'height': 39, 'experience': False}
DEBUG:root:{'name': 'Phillip Helm', 'guardians': ['Thomas Helm', 'Eva Jones'], 'height': 44, 'experience': True}
DEBUG:root:{'name': 'Les Clay', 'guardians': ['Wynonna Brown'], 'height': 42, 'experience': True}
DEBUG:root:{'name': 'Sal Dali', 'guardians': ['Gala Dali'], 'height': 41, 'experience': False}
DEBUG:root:{'name': 'Suzane Greenberg', 'guardians': ['Henrietta Dumas'], 'height': 44, 'experience': True}
DEBUG:root:{'name': 'Jill Tanner', 'guardians': ['Mark Tanner'], 'height': 36, 'experience': True}
DEBUG:root:{'name': 'Arnold Willis', 'guardians': ['Claire Willis'], 'height': 43, 'experience': False}
DEBUG:root:{'name': 'Herschel Krustofski', 'guardians': ['Hyman Krustofski', 'Rachel Krustofski'], 'height': 45, 'experience': True}
DEBUG:root:{'name': 'Eva Gordon', 'guardians': ['Wendy Martin', 'Mike Gordon'], 'height': 45, 'experience': False}
DEBUG:root:{'name': 'Ben Finkelstein', 'guardians': ['Aaron Lanning', 'Jill Finkelstein'], 'height': 44, 'experience': False}
DEBUG:root:{'name': 'Joe Smith', 'guardians': ['Jim Smith', 'Jan Smith'], 'height': 42, 'experience': True}
DEBUG:root:{'name': 'Diego Soto', 'guardians': ['Robin Soto', 'Sarika Soto'], 'height': 41, 'experience': True}
DEBUG:root:{'name': 'Kimmy Stein', 'guardians': ['Bill Stein', 'Hillary Stein'], 'height': 41, 'experience': False}
DEBUG:root:{'name': 'Karl Saygan', 'guardians': ['Heather Bledsoe'], 'height': 42, 'experience': True}
DEBUG:root:{'name': 'Matt Gill', 'guardians': ['Charles Gill', 'Sylvia Gill'], 'height': 40, 'experience': False}
DEBUG:root:{'name': 'Sammy Adams', 'guardians': ['Jeff Adams', 'Gary Adams'], 'height': 45, 'experience': False}
DEBUG:root:{'name': 'Chloe Alaska', 'guardians': ['David Alaska', 'Jamie Alaska'], 'height': 47, 'experience': False}
DEBUG:root:{'name': 'Bill Bon', 'guardians': ['Sara Bon', 'Jenny Bon'], 'height': 43, 'experience': True}
DEBUG:root:{'name': 'Joe Kavalier', 'guardians': ['Sam Kavalier', 'Elaine Kavalier'], 'height': 39, 'experience': False}
DEBUG:root:{'name': 'Phillip Helm', 'guardians': ['Thomas Helm', 'Eva Jones'], 'height': 44, 'experience': True}
DEBUG:root:{'name': 'Les Clay', 'guardians': ['Wynonna Brown'], 'height': 42, 'experience': True}
DEBUG:root:{'name': 'Sal Dali', 'guardians': ['Gala Dali'], 'height': 41, 'experience': False}
DEBUG:root:{'name': 'Suzane Greenberg', 'guardians': ['Henrietta Dumas'], 'height': 44, 'experience': True}
DEBUG:root:{'name': 'Jill Tanner', 'guardians': ['Mark Tanner'], 'height': 36, 'experience': True}
DEBUG:root:{'name': 'Arnold Willis', 'guardians': ['Claire Willis'], 'height': 43, 'experience': False}
DEBUG:root:{'name': 'Herschel Krustofski', 'guardians': ['Hyman Krustofski', 'Rachel Krustofski'], 'height': 45, 'experience': True}
DEBUG:root:{'name': 'Eva Gordon', 'guardians': ['Wendy Martin', 'Mike Gordon'], 'height': 45, 'experience': False}
DEBUG:root:{'name': 'Ben Finkelstein', 'guardians': ['Aaron Lanning', 'Jill Finkelstein'], 'height': 44, 'experience': False}
DEBUG:root:{'name': 'Joe Smith', 'guardians': ['Jim Smith', 'Jan Smith'], 'height': 42, 'experience': True}
DEBUG:root:{'name': 'Diego Soto', 'guardians': ['Robin Soto', 'Sarika Soto'], 'height': 41, 'experience': True}
DEBUG:root:{'name': 'Kimmy Stein', 'guardians': ['Bill Stein', 'Hillary Stein'], 'height': 41, 'experience': False}
DEBUG:root:{'name': 'Karl Saygan', 'guardians': ['Heather Bledsoe'], 'height': 42, 'experience': True}
DEBUG:root:{'name': 'Matt Gill', 'guardians': ['Charles Gill', 'Sylvia Gill'], 'height': 40, 'experience': False}
DEBUG:root:{'name': 'Sammy Adams', 'guardians': ['Jeff Adams', 'Gary Adams'], 'height': 45, 'experience': False}
DEBUG:root:{'name': 'Chloe Alaska', 'guardians': ['David Alaska', 'Jamie Alaska'], 'height': 47, 'experience': False}
DEBUG:root:{'name': 'Bill Bon', 'guardians': ['Sara Bon', 'Jenny Bon'], 'height': 43, 'experience': True}
DEBUG:root:{'name': 'Joe Kavalier', 'guardians': ['Sam Kavalier', 'Elaine Kavalier'], 'height': 39, 'experience': False}
DEBUG:root:{'name': 'Phillip Helm', 'guardians': ['Thomas Helm', 'Eva Jones'], 'height': 44, 'experience': True}
DEBUG:root:{'name': 'Les Clay', 'guardians': ['Wynonna Brown'], 'height': 42, 'experience': True}
DEBUG:root:{'name': 'Sal Dali', 'guardians': ['Gala Dali'], 'height': 41, 'experience': False}
DEBUG:root:{'name': 'Suzane Greenberg', 'guardians': ['Henrietta Dumas'], 'height': 44, 'experience': True}
DEBUG:root:{'name': 'Jill Tanner', 'guardians': ['Mark Tanner'], 'height': 36, 'experience': True}
DEBUG:root:{'name': 'Arnold Willis', 'guardians': ['Claire Willis'], 'height': 43, 'experience': False}
DEBUG:root:{'name': 'Herschel Krustofski', 'guardians': ['Hyman Krustofski', 'Rachel Krustofski'], 'height': 45, 'experience': True}
DEBUG:root:{'name': 'Eva Gordon', 'guardians': ['Wendy Martin', 'Mike Gordon'], 'height': 45, 'experience': False}
DEBUG:root:{'name': 'Ben Finkelstein', 'guardians': ['Aaron Lanning', 'Jill Finkelstein'], 'height': 44, 'experience': False}
DEBUG:root:{'name': 'Joe Smith', 'guardians': ['Jim Smith', 'Jan Smith'], 'height': 42, 'experience': True}
DEBUG:root:{'name': 'Diego Soto', 'guardians': ['Robin Soto', 'Sarika Soto'], 'height': 41, 'experience': True}
DEBUG:root:{'name': 'Kimmy Stein', 'guardians': ['Bill Stein', 'Hillary Stein'], 'height': 41, 'experience': False}
DEBUG:root:Number of experienced players: 3.0
DEBUG:root:Number of experienced players: 3
